Looking for git in: git
Using git 2.29.2 from git
> git rev-parse --git-dir
Open repository: /home/scrungus/Documents/code/IGP/SpotifyPlaylistMaker
> git status -z -u
> git symbolic-ref --short HEAD
> git rev-parse authbranch
> git rev-parse --symbolic-full-name authbranch@{u}
> git rev-list --left-right authbranch...refs/remotes/origin/authbranch
> git for-each-ref --sort -committerdate --format %(refname) %(objectname)
> git remote --verbose
> git config --get commit.template
> git check-ignore -v -z --stdin
> git show --textconv :auth/app/api.py
> git ls-files --stage -- /home/scrungus/Documents/code/IGP/SpotifyPlaylistMaker/auth/app/api.py
> git cat-file -s 4869045e4ad080174549d99c0bee8cbcfbb27ee5
> git show --textconv :auth/app/__init__.py
> git ls-files --stage -- /home/scrungus/Documents/code/IGP/SpotifyPlaylistMaker/auth/app/__init__.py
> git cat-file -s e69de29bb2d1d6434b8b29ae775ad8c2e48c5391
> git show --textconv :auth/app/api.py
> git ls-files --stage -- /home/scrungus/Documents/code/IGP/SpotifyPlaylistMaker/auth/app/api.py
> git cat-file -s 4869045e4ad080174549d99c0bee8cbcfbb27ee5
> git show --textconv :auth/main.py
> git ls-files --stage -- /home/scrungus/Documents/code/IGP/SpotifyPlaylistMaker/auth/main.py
> git cat-file -s 0679eb356aed64e46fa8c19f7e33dd1bd7828286
> git show --textconv :auth/dockerfile
> git ls-files --stage -- /home/scrungus/Documents/code/IGP/SpotifyPlaylistMaker/auth/dockerfile
> git check-ignore -v -z --stdin
> git status -z -u
> git symbolic-ref --short HEAD
> git rev-parse authbranch
> git rev-parse --symbolic-full-name authbranch@{u}
> git rev-list --left-right authbranch...refs/remotes/origin/authbranch
> git for-each-ref --sort -committerdate --format %(refname) %(objectname)
> git remote --verbose
> git config --get commit.template
> git status -z -u
> git symbolic-ref --short HEAD
> git rev-parse authbranch
> git rev-parse --symbolic-full-name authbranch@{u}
> git rev-list --left-right authbranch...refs/remotes/origin/authbranch
> git for-each-ref --sort -committerdate --format %(refname) %(objectname)
> git remote --verbose
> git config --get commit.template
> git show --textconv :docker-compose.yml
> git ls-files --stage -- /home/scrungus/Documents/code/IGP/SpotifyPlaylistMaker/docker-compose.yml
> git check-ignore -v -z --stdin
> git status -z -u
> git symbolic-ref --short HEAD
> git rev-parse authbranch
> git rev-parse --symbolic-full-name authbranch@{u}
> git rev-list --left-right authbranch...refs/remotes/origin/authbranch
> git for-each-ref --sort -committerdate --format %(refname) %(objectname)
> git remote --verbose
> git config --get commit.template
> git show --textconv :auth/dockerfile
> git ls-files --stage -- /home/scrungus/Documents/code/IGP/SpotifyPlaylistMaker/auth/dockerfile
> git show --textconv :auth/Dockerfile
> git ls-files --stage -- /home/scrungus/Documents/code/IGP/SpotifyPlaylistMaker/auth/Dockerfile
> git check-ignore -v -z --stdin
> git status -z -u
> git symbolic-ref --short HEAD
> git rev-parse authbranch
> git rev-parse --symbolic-full-name authbranch@{u}
> git rev-list --left-right authbranch...refs/remotes/origin/authbranch
> git for-each-ref --sort -committerdate --format %(refname) %(objectname)
> git remote --verbose
> git config --get commit.template
> git show --textconv :docker-compose.yml
> git ls-files --stage -- /home/scrungus/Documents/code/IGP/SpotifyPlaylistMaker/docker-compose.yml
> git status -z -u
> git symbolic-ref --short HEAD
> git rev-parse authbranch
> git rev-parse --symbolic-full-name authbranch@{u}
> git rev-list --left-right authbranch...refs/remotes/origin/authbranch
> git for-each-ref --sort -committerdate --format %(refname) %(objectname)
> git remote --verbose
> git config --get commit.template
> git show --textconv :auth/main.py
> git ls-files --stage -- /home/scrungus/Documents/code/IGP/SpotifyPlaylistMaker/auth/main.py
> git cat-file -s 0679eb356aed64e46fa8c19f7e33dd1bd7828286
> git status -z -u
> git symbolic-ref --short HEAD
> git rev-parse authbranch
> git rev-parse --symbolic-full-name authbranch@{u}
> git rev-list --left-right authbranch...refs/remotes/origin/authbranch
> git for-each-ref --sort -committerdate --format %(refname) %(objectname)
> git remote --verbose
> git config --get commit.template
> git show --textconv :docker-compose.yml
> git ls-files --stage -- /home/scrungus/Documents/code/IGP/SpotifyPlaylistMaker/docker-compose.yml
> git status -z -u
> git symbolic-ref --short HEAD
> git rev-parse authbranch
> git rev-parse --symbolic-full-name authbranch@{u}
> git rev-list --left-right authbranch...refs/remotes/origin/authbranch
> git for-each-ref --sort -committerdate --format %(refname) %(objectname)
> git remote --verbose
> git config --get commit.template
> git show --textconv :auth/main.py
> git ls-files --stage -- /home/scrungus/Documents/code/IGP/SpotifyPlaylistMaker/auth/main.py
> git cat-file -s 0679eb356aed64e46fa8c19f7e33dd1bd7828286
> git status -z -u
> git symbolic-ref --short HEAD
> git rev-parse authbranch
> git rev-parse --symbolic-full-name authbranch@{u}
> git rev-list --left-right authbranch...refs/remotes/origin/authbranch
> git for-each-ref --sort -committerdate --format %(refname) %(objectname)
> git remote --verbose
> git config --get commit.template
> git show --textconv :docker-compose.yml
> git ls-files --stage -- /home/scrungus/Documents/code/IGP/SpotifyPlaylistMaker/docker-compose.yml
> git status -z -u
> git symbolic-ref --short HEAD
> git rev-parse authbranch
> git rev-parse --symbolic-full-name authbranch@{u}
> git rev-list --left-right authbranch...refs/remotes/origin/authbranch
> git for-each-ref --sort -committerdate --format %(refname) %(objectname)
> git remote --verbose
> git config --get commit.template
> git show --textconv :auth/Dockerfile
> git ls-files --stage -- /home/scrungus/Documents/code/IGP/SpotifyPlaylistMaker/auth/Dockerfile
> git show --textconv :docker-compose.yml
> git ls-files --stage -- /home/scrungus/Documents/code/IGP/SpotifyPlaylistMaker/docker-compose.yml
> git status -z -u
> git symbolic-ref --short HEAD
> git rev-parse authbranch
> git rev-parse --symbolic-full-name authbranch@{u}
> git rev-list --left-right authbranch...refs/remotes/origin/authbranch
> git for-each-ref --sort -committerdate --format %(refname) %(objectname)
> git remote --verbose
> git config --get commit.template
> git status -z -u
> git symbolic-ref --short HEAD
> git rev-parse authbranch
> git rev-parse --symbolic-full-name authbranch@{u}
> git rev-list --left-right authbranch...refs/remotes/origin/authbranch
> git for-each-ref --sort -committerdate --format %(refname) %(objectname)
> git remote --verbose
> git config --get commit.template
> git show --textconv :auth/Dockerfile
> git ls-files --stage -- /home/scrungus/Documents/code/IGP/SpotifyPlaylistMaker/auth/Dockerfile
> git status -z -u
> git symbolic-ref --short HEAD
> git rev-parse authbranch
> git rev-parse --symbolic-full-name authbranch@{u}
> git rev-list --left-right authbranch...refs/remotes/origin/authbranch
> git for-each-ref --sort -committerdate --format %(refname) %(objectname)
> git remote --verbose
> git config --get commit.template
> git status -z -u
> git symbolic-ref --short HEAD
> git rev-parse authbranch
> git rev-parse --symbolic-full-name authbranch@{u}
> git rev-list --left-right authbranch...refs/remotes/origin/authbranch
> git for-each-ref --sort -committerdate --format %(refname) %(objectname)
> git remote --verbose
> git config --get commit.template
> git show --textconv :docker-compose.yml
> git ls-files --stage -- /home/scrungus/Documents/code/IGP/SpotifyPlaylistMaker/docker-compose.yml
> git show --textconv :auth/Dockerfile
> git ls-files --stage -- /home/scrungus/Documents/code/IGP/SpotifyPlaylistMaker/auth/Dockerfile
> git show --textconv :docker-compose.yml
> git ls-files --stage -- /home/scrungus/Documents/code/IGP/SpotifyPlaylistMaker/docker-compose.yml
> git status -z -u
> git symbolic-ref --short HEAD
> git rev-parse authbranch
> git rev-parse --symbolic-full-name authbranch@{u}
> git rev-list --left-right authbranch...refs/remotes/origin/authbranch
> git for-each-ref --sort -committerdate --format %(refname) %(objectname)
> git remote --verbose
> git config --get commit.template
> git status -z -u
> git symbolic-ref --short HEAD
> git rev-parse authbranch
> git rev-parse --symbolic-full-name authbranch@{u}
> git rev-list --left-right authbranch...refs/remotes/origin/authbranch
> git for-each-ref --sort -committerdate --format %(refname) %(objectname)
> git remote --verbose
> git config --get commit.template
> git show --textconv :auth/main.py
> git ls-files --stage -- /home/scrungus/Documents/code/IGP/SpotifyPlaylistMaker/auth/main.py
> git cat-file -s 0679eb356aed64e46fa8c19f7e33dd1bd7828286
> git status -z -u
> git symbolic-ref --short HEAD
> git rev-parse authbranch
> git rev-parse --symbolic-full-name authbranch@{u}
> git rev-list --left-right authbranch...refs/remotes/origin/authbranch
> git for-each-ref --sort -committerdate --format %(refname) %(objectname)
> git remote --verbose
> git config --get commit.template
> git status -z -u
> git symbolic-ref --short HEAD
> git rev-parse authbranch
> git rev-parse --symbolic-full-name authbranch@{u}
> git rev-list --left-right authbranch...refs/remotes/origin/authbranch
> git for-each-ref --sort -committerdate --format %(refname) %(objectname)
> git remote --verbose
> git config --get commit.template
> git show --textconv :auth/.spotipyoauthcache
> git ls-files --stage -- /home/scrungus/Documents/code/IGP/SpotifyPlaylistMaker/auth/.spotipyoauthcache
> git cat-file -s 8234a1f446622294e8d5e64ec4aa712cc9e5f870
> git status -z -u
> git symbolic-ref --short HEAD
> git rev-parse authbranch
> git rev-parse --symbolic-full-name authbranch@{u}
> git rev-list --left-right authbranch...refs/remotes/origin/authbranch
> git for-each-ref --sort -committerdate --format %(refname) %(objectname)
> git remote --verbose
> git config --get commit.template
> git show --textconv :auth/auth.txt
> git ls-files --stage -- /home/scrungus/Documents/code/IGP/SpotifyPlaylistMaker/auth/auth.txt
> git cat-file -s 4f2a51bed1df75cd22705d18aff630d881fab761
> git show --textconv :auth/.spotipyoauthcache
> git ls-files --stage -- /home/scrungus/Documents/code/IGP/SpotifyPlaylistMaker/auth/.spotipyoauthcache
> git cat-file -s 8234a1f446622294e8d5e64ec4aa712cc9e5f870
> git show --textconv :auth/auth.txt
> git ls-files --stage -- /home/scrungus/Documents/code/IGP/SpotifyPlaylistMaker/auth/auth.txt
> git cat-file -s 4f2a51bed1df75cd22705d18aff630d881fab761
> git show --textconv :auth/.spotipyoauthcache
> git ls-files --stage -- /home/scrungus/Documents/code/IGP/SpotifyPlaylistMaker/auth/.spotipyoauthcache
> git cat-file -s 8234a1f446622294e8d5e64ec4aa712cc9e5f870
> git show --textconv :auth/main.py
> git ls-files --stage -- /home/scrungus/Documents/code/IGP/SpotifyPlaylistMaker/auth/main.py
> git cat-file -s 0679eb356aed64e46fa8c19f7e33dd1bd7828286
> git show --textconv :auth/app/api.py
> git ls-files --stage -- /home/scrungus/Documents/code/IGP/SpotifyPlaylistMaker/auth/app/api.py
> git cat-file -s 4869045e4ad080174549d99c0bee8cbcfbb27ee5
