Looking for git in: git
Using git 2.29.2 from git
> git rev-parse --git-dir
Open repository: /home/scrungus/Documents/code/IGP/SpotifyPlaylistMaker
> git status -z -u
> git symbolic-ref --short HEAD
> git rev-parse authbranch
> git rev-parse --symbolic-full-name authbranch@{u}
> git rev-list --left-right authbranch...refs/remotes/origin/authbranch
> git for-each-ref --sort -committerdate --format %(refname) %(objectname)
> git remote --verbose
> git config --get commit.template
> git check-ignore -v -z --stdin
> git show --textconv :auth/app/api.py
> git ls-files --stage -- /home/scrungus/Documents/code/IGP/SpotifyPlaylistMaker/auth/app/api.py
> git cat-file -s 4869045e4ad080174549d99c0bee8cbcfbb27ee5
> git show --textconv :auth/app/api.py
> git ls-files --stage -- /home/scrungus/Documents/code/IGP/SpotifyPlaylistMaker/auth/app/api.py
> git cat-file -s 4869045e4ad080174549d99c0bee8cbcfbb27ee5
> git show --textconv :auth/app/api.py
> git ls-files --stage -- /home/scrungus/Documents/code/IGP/SpotifyPlaylistMaker/auth/app/api.py
> git cat-file -s 4869045e4ad080174549d99c0bee8cbcfbb27ee5
> git status -z -u
> git symbolic-ref --short HEAD
> git rev-parse authbranch
> git rev-parse --symbolic-full-name authbranch@{u}
> git rev-list --left-right authbranch...refs/remotes/origin/authbranch
> git for-each-ref --sort -committerdate --format %(refname) %(objectname)
> git remote --verbose
> git config --get commit.template
> git status -z -u
> git symbolic-ref --short HEAD
> git rev-parse authbranch
> git rev-parse --symbolic-full-name authbranch@{u}
> git rev-list --left-right authbranch...refs/remotes/origin/authbranch
> git for-each-ref --sort -committerdate --format %(refname) %(objectname)
> git remote --verbose
> git config --get commit.template
> git status -z -u
> git symbolic-ref --short HEAD
> git rev-parse authbranch
> git rev-parse --symbolic-full-name authbranch@{u}
> git rev-list --left-right authbranch...refs/remotes/origin/authbranch
> git for-each-ref --sort -committerdate --format %(refname) %(objectname)
> git remote --verbose
> git config --get commit.template
> git status -z -u
> git symbolic-ref --short HEAD
> git rev-parse authbranch
> git rev-parse --symbolic-full-name authbranch@{u}
> git rev-list --left-right authbranch...refs/remotes/origin/authbranch
> git for-each-ref --sort -committerdate --format %(refname) %(objectname)
> git remote --verbose
> git config --get commit.template
> git status -z -u
> git symbolic-ref --short HEAD
> git rev-parse authbranch
> git rev-parse --symbolic-full-name authbranch@{u}
> git rev-list --left-right authbranch...refs/remotes/origin/authbranch
> git for-each-ref --sort -committerdate --format %(refname) %(objectname)
> git remote --verbose
> git config --get commit.template
> git status -z -u
> git symbolic-ref --short HEAD
> git rev-parse authbranch
> git rev-parse --symbolic-full-name authbranch@{u}
> git rev-list --left-right authbranch...refs/remotes/origin/authbranch
> git for-each-ref --sort -committerdate --format %(refname) %(objectname)
> git remote --verbose
> git config --get commit.template
> git status -z -u
> git symbolic-ref --short HEAD
> git rev-parse authbranch
> git rev-parse --symbolic-full-name authbranch@{u}
> git rev-list --left-right authbranch...refs/remotes/origin/authbranch
> git for-each-ref --sort -committerdate --format %(refname) %(objectname)
> git remote --verbose
> git config --get commit.template
> git status -z -u
> git symbolic-ref --short HEAD
> git rev-parse authbranch
> git rev-parse --symbolic-full-name authbranch@{u}
> git rev-list --left-right authbranch...refs/remotes/origin/authbranch
> git for-each-ref --sort -committerdate --format %(refname) %(objectname)
> git remote --verbose
> git config --get commit.template
> git status -z -u
> git symbolic-ref --short HEAD
> git rev-parse authbranch
> git rev-parse --symbolic-full-name authbranch@{u}
> git rev-list --left-right authbranch...refs/remotes/origin/authbranch
> git for-each-ref --sort -committerdate --format %(refname) %(objectname)
> git remote --verbose
> git config --get commit.template
> git status -z -u
> git symbolic-ref --short HEAD
> git rev-parse authbranch
> git rev-parse --symbolic-full-name authbranch@{u}
> git rev-list --left-right authbranch...refs/remotes/origin/authbranch
> git for-each-ref --sort -committerdate --format %(refname) %(objectname)
> git remote --verbose
> git config --get commit.template
> git show --textconv :auth/.spotipyoauthcache
> git ls-files --stage -- /home/scrungus/Documents/code/IGP/SpotifyPlaylistMaker/auth/.spotipyoauthcache
> git cat-file -s 8234a1f446622294e8d5e64ec4aa712cc9e5f870
> git show --textconv :auth/app/api.py
> git ls-files --stage -- /home/scrungus/Documents/code/IGP/SpotifyPlaylistMaker/auth/app/api.py
> git cat-file -s 4869045e4ad080174549d99c0bee8cbcfbb27ee5
> git status -z -u
> git symbolic-ref --short HEAD
> git rev-parse authbranch
> git rev-parse --symbolic-full-name authbranch@{u}
> git rev-list --left-right authbranch...refs/remotes/origin/authbranch
> git for-each-ref --sort -committerdate --format %(refname) %(objectname)
> git remote --verbose
> git config --get commit.template
> git show --textconv :auth/.spotipyoauthcache
> git ls-files --stage -- /home/scrungus/Documents/code/IGP/SpotifyPlaylistMaker/auth/.spotipyoauthcache
> git cat-file -s 8234a1f446622294e8d5e64ec4aa712cc9e5f870
> git check-ignore -v -z --stdin
> git status -z -u
> git symbolic-ref --short HEAD
> git rev-parse authbranch
> git rev-parse --symbolic-full-name authbranch@{u}
> git rev-list --left-right authbranch...refs/remotes/origin/authbranch
> git for-each-ref --sort -committerdate --format %(refname) %(objectname)
> git remote --verbose
> git config --get commit.template
> git show --textconv :.spotipyoauthcache
> git ls-files --stage -- /home/scrungus/Documents/code/IGP/SpotifyPlaylistMaker/.spotipyoauthcache
> git show --textconv :auth/.spotipyoauthcache
> git ls-files --stage -- /home/scrungus/Documents/code/IGP/SpotifyPlaylistMaker/auth/.spotipyoauthcache
> git cat-file -s 8234a1f446622294e8d5e64ec4aa712cc9e5f870
> git show --textconv :.spotipyoauthcache
> git ls-files --stage -- /home/scrungus/Documents/code/IGP/SpotifyPlaylistMaker/.spotipyoauthcache
> git show --textconv :auth/app/api.py
> git ls-files --stage -- /home/scrungus/Documents/code/IGP/SpotifyPlaylistMaker/auth/app/api.py
> git cat-file -s 4869045e4ad080174549d99c0bee8cbcfbb27ee5
> git status -z -u
> git symbolic-ref --short HEAD
> git rev-parse authbranch
> git rev-parse --symbolic-full-name authbranch@{u}
> git rev-list --left-right authbranch...refs/remotes/origin/authbranch
> git for-each-ref --sort -committerdate --format %(refname) %(objectname)
> git remote --verbose
> git config --get commit.template
> git show --textconv :.spotipyoauthcache
> git ls-files --stage -- /home/scrungus/Documents/code/IGP/SpotifyPlaylistMaker/.spotipyoauthcache
> git status -z -u
> git symbolic-ref --short HEAD
> git rev-parse authbranch
> git rev-parse --symbolic-full-name authbranch@{u}
> git rev-list --left-right authbranch...refs/remotes/origin/authbranch
> git for-each-ref --sort -committerdate --format %(refname) %(objectname)
> git remote --verbose
> git config --get commit.template
> git show --textconv :auth/app/api.py
> git ls-files --stage -- /home/scrungus/Documents/code/IGP/SpotifyPlaylistMaker/auth/app/api.py
> git cat-file -s 4869045e4ad080174549d99c0bee8cbcfbb27ee5
> git show --textconv :.spotipyoauthcache
> git ls-files --stage -- /home/scrungus/Documents/code/IGP/SpotifyPlaylistMaker/.spotipyoauthcache
> git show --textconv :auth/.spotipyoauthcache
> git ls-files --stage -- /home/scrungus/Documents/code/IGP/SpotifyPlaylistMaker/auth/.spotipyoauthcache
> git cat-file -s 8234a1f446622294e8d5e64ec4aa712cc9e5f870
> git show --textconv :.spotipyoauthcache
> git ls-files --stage -- /home/scrungus/Documents/code/IGP/SpotifyPlaylistMaker/.spotipyoauthcache
> git show --textconv :auth/.spotipyoauthcache
> git ls-files --stage -- /home/scrungus/Documents/code/IGP/SpotifyPlaylistMaker/auth/.spotipyoauthcache
> git cat-file -s 8234a1f446622294e8d5e64ec4aa712cc9e5f870
> git status -z -u
> git symbolic-ref --short HEAD
> git rev-parse authbranch
> git rev-parse --symbolic-full-name authbranch@{u}
> git rev-list --left-right authbranch...refs/remotes/origin/authbranch
> git for-each-ref --sort -committerdate --format %(refname) %(objectname)
> git remote --verbose
> git config --get commit.template
> git show --textconv :auth/app/api.py
> git ls-files --stage -- /home/scrungus/Documents/code/IGP/SpotifyPlaylistMaker/auth/app/api.py
> git cat-file -s 4869045e4ad080174549d99c0bee8cbcfbb27ee5
> git show --textconv :auth/.spotipyoauthcache
> git ls-files --stage -- /home/scrungus/Documents/code/IGP/SpotifyPlaylistMaker/auth/.spotipyoauthcache
> git cat-file -s 8234a1f446622294e8d5e64ec4aa712cc9e5f870
> git show --textconv :auth/app/api.py
> git ls-files --stage -- /home/scrungus/Documents/code/IGP/SpotifyPlaylistMaker/auth/app/api.py
> git cat-file -s 4869045e4ad080174549d99c0bee8cbcfbb27ee5
> git status -z -u
> git symbolic-ref --short HEAD
> git rev-parse authbranch
> git rev-parse --symbolic-full-name authbranch@{u}
> git rev-list --left-right authbranch...refs/remotes/origin/authbranch
> git for-each-ref --sort -committerdate --format %(refname) %(objectname)
> git remote --verbose
> git config --get commit.template
> git status -z -u
> git symbolic-ref --short HEAD
> git rev-parse authbranch
> git rev-parse --symbolic-full-name authbranch@{u}
> git rev-list --left-right authbranch...refs/remotes/origin/authbranch
> git for-each-ref --sort -committerdate --format %(refname) %(objectname)
> git remote --verbose
> git config --get commit.template
> git show --textconv :.spotipyoauthcache
> git ls-files --stage -- /home/scrungus/Documents/code/IGP/SpotifyPlaylistMaker/.spotipyoauthcache
> git show --textconv :auth/app/api.py
> git ls-files --stage -- /home/scrungus/Documents/code/IGP/SpotifyPlaylistMaker/auth/app/api.py
> git cat-file -s 4869045e4ad080174549d99c0bee8cbcfbb27ee5
> git status -z -u
> git symbolic-ref --short HEAD
> git rev-parse authbranch
> git rev-parse --symbolic-full-name authbranch@{u}
> git rev-list --left-right authbranch...refs/remotes/origin/authbranch
> git for-each-ref --sort -committerdate --format %(refname) %(objectname)
> git remote --verbose
> git config --get commit.template
> git show --textconv :.spotipyoauthcache
> git ls-files --stage -- /home/scrungus/Documents/code/IGP/SpotifyPlaylistMaker/.spotipyoauthcache
> git show --textconv :auth/app/api.py
> git ls-files --stage -- /home/scrungus/Documents/code/IGP/SpotifyPlaylistMaker/auth/app/api.py
> git cat-file -s 4869045e4ad080174549d99c0bee8cbcfbb27ee5
> git status -z -u
> git symbolic-ref --short HEAD
> git rev-parse authbranch
> git rev-parse --symbolic-full-name authbranch@{u}
> git rev-list --left-right authbranch...refs/remotes/origin/authbranch
> git for-each-ref --sort -committerdate --format %(refname) %(objectname)
> git remote --verbose
> git config --get commit.template
> git status -z -u
> git symbolic-ref --short HEAD
> git rev-parse authbranch
> git rev-parse --symbolic-full-name authbranch@{u}
> git rev-list --left-right authbranch...refs/remotes/origin/authbranch
> git for-each-ref --sort -committerdate --format %(refname) %(objectname)
> git remote --verbose
> git config --get commit.template
> git status -z -u
> git symbolic-ref --short HEAD
> git rev-parse authbranch
> git rev-parse --symbolic-full-name authbranch@{u}
> git rev-list --left-right authbranch...refs/remotes/origin/authbranch
> git for-each-ref --sort -committerdate --format %(refname) %(objectname)
> git remote --verbose
> git config --get commit.template
> git show --textconv :.spotipyoauthcache
> git ls-files --stage -- /home/scrungus/Documents/code/IGP/SpotifyPlaylistMaker/.spotipyoauthcache
> git show --textconv :auth/app/api.py
> git ls-files --stage -- /home/scrungus/Documents/code/IGP/SpotifyPlaylistMaker/auth/app/api.py
> git cat-file -s 4869045e4ad080174549d99c0bee8cbcfbb27ee5
> git check-ignore -v -z --stdin
> git status -z -u
> git symbolic-ref --short HEAD
> git rev-parse authbranch
> git rev-parse --symbolic-full-name authbranch@{u}
> git rev-list --left-right authbranch...refs/remotes/origin/authbranch
> git for-each-ref --sort -committerdate --format %(refname) %(objectname)
> git remote --verbose
> git config --get commit.template
> git status -z -u
> git symbolic-ref --short HEAD
> git rev-parse authbranch
> git rev-parse --symbolic-full-name authbranch@{u}
> git rev-list --left-right authbranch...refs/remotes/origin/authbranch
> git for-each-ref --sort -committerdate --format %(refname) %(objectname)
> git remote --verbose
> git config --get commit.template
> git status -z -u
> git symbolic-ref --short HEAD
> git rev-parse authbranch
> git rev-parse --symbolic-full-name authbranch@{u}
> git rev-list --left-right authbranch...refs/remotes/origin/authbranch
> git for-each-ref --sort -committerdate --format %(refname) %(objectname)
> git remote --verbose
> git config --get commit.template
> git show --textconv :auth/app/.spotipyoauthcache
> git ls-files --stage -- /home/scrungus/Documents/code/IGP/SpotifyPlaylistMaker/auth/app/.spotipyoauthcache
> git show --textconv :auth/app/api.py
> git ls-files --stage -- /home/scrungus/Documents/code/IGP/SpotifyPlaylistMaker/auth/app/api.py
> git cat-file -s 4869045e4ad080174549d99c0bee8cbcfbb27ee5
> git status -z -u
> git symbolic-ref --short HEAD
> git rev-parse authbranch
> git rev-parse --symbolic-full-name authbranch@{u}
> git rev-list --left-right authbranch...refs/remotes/origin/authbranch
> git for-each-ref --sort -committerdate --format %(refname) %(objectname)
> git remote --verbose
> git config --get commit.template
> git status -z -u
> git symbolic-ref --short HEAD
> git rev-parse authbranch
> git rev-parse --symbolic-full-name authbranch@{u}
> git rev-list --left-right authbranch...refs/remotes/origin/authbranch
> git for-each-ref --sort -committerdate --format %(refname) %(objectname)
> git remote --verbose
> git config --get commit.template
> git status -z -u
> git symbolic-ref --short HEAD
> git rev-parse authbranch
> git rev-parse --symbolic-full-name authbranch@{u}
> git rev-list --left-right authbranch...refs/remotes/origin/authbranch
> git for-each-ref --sort -committerdate --format %(refname) %(objectname)
> git remote --verbose
> git config --get commit.template
> git status -z -u
> git symbolic-ref --short HEAD
> git rev-parse authbranch
> git rev-parse --symbolic-full-name authbranch@{u}
> git rev-list --left-right authbranch...refs/remotes/origin/authbranch
> git for-each-ref --sort -committerdate --format %(refname) %(objectname)
> git remote --verbose
> git config --get commit.template
> git status -z -u
> git symbolic-ref --short HEAD
> git rev-parse authbranch
> git rev-parse --symbolic-full-name authbranch@{u}
> git rev-list --left-right authbranch...refs/remotes/origin/authbranch
> git for-each-ref --sort -committerdate --format %(refname) %(objectname)
> git remote --verbose
> git config --get commit.template
> git status -z -u
> git symbolic-ref --short HEAD
> git rev-parse authbranch
> git rev-parse --symbolic-full-name authbranch@{u}
> git rev-list --left-right authbranch...refs/remotes/origin/authbranch
> git for-each-ref --sort -committerdate --format %(refname) %(objectname)
> git remote --verbose
> git config --get commit.template
> git status -z -u
> git symbolic-ref --short HEAD
> git rev-parse authbranch
> git rev-parse --symbolic-full-name authbranch@{u}
> git rev-list --left-right authbranch...refs/remotes/origin/authbranch
> git for-each-ref --sort -committerdate --format %(refname) %(objectname)
> git remote --verbose
> git config --get commit.template
> git status -z -u
> git symbolic-ref --short HEAD
> git rev-parse authbranch
> git rev-parse --symbolic-full-name authbranch@{u}
> git rev-list --left-right authbranch...refs/remotes/origin/authbranch
> git for-each-ref --sort -committerdate --format %(refname) %(objectname)
> git remote --verbose
> git config --get commit.template
> git status -z -u
> git symbolic-ref --short HEAD
> git rev-parse authbranch
> git rev-parse --symbolic-full-name authbranch@{u}
> git rev-list --left-right authbranch...refs/remotes/origin/authbranch
> git for-each-ref --sort -committerdate --format %(refname) %(objectname)
> git remote --verbose
> git config --get commit.template
> git status -z -u
> git symbolic-ref --short HEAD
> git rev-parse authbranch
> git rev-parse --symbolic-full-name authbranch@{u}
> git rev-list --left-right authbranch...refs/remotes/origin/authbranch
> git for-each-ref --sort -committerdate --format %(refname) %(objectname)
> git remote --verbose
> git config --get commit.template
> git status -z -u
> git symbolic-ref --short HEAD
> git rev-parse authbranch
> git rev-parse --symbolic-full-name authbranch@{u}
> git rev-list --left-right authbranch...refs/remotes/origin/authbranch
> git for-each-ref --sort -committerdate --format %(refname) %(objectname)
> git remote --verbose
> git config --get commit.template
> git status -z -u
> git symbolic-ref --short HEAD
> git rev-parse authbranch
> git rev-parse --symbolic-full-name authbranch@{u}
> git rev-list --left-right authbranch...refs/remotes/origin/authbranch
> git for-each-ref --sort -committerdate --format %(refname) %(objectname)
> git remote --verbose
> git config --get commit.template
> git status -z -u
> git symbolic-ref --short HEAD
> git rev-parse authbranch
> git rev-parse --symbolic-full-name authbranch@{u}
> git rev-list --left-right authbranch...refs/remotes/origin/authbranch
> git for-each-ref --sort -committerdate --format %(refname) %(objectname)
> git remote --verbose
> git config --get commit.template
> git status -z -u
> git symbolic-ref --short HEAD
> git rev-parse authbranch
> git rev-parse --symbolic-full-name authbranch@{u}
> git rev-list --left-right authbranch...refs/remotes/origin/authbranch
> git for-each-ref --sort -committerdate --format %(refname) %(objectname)
> git remote --verbose
> git config --get commit.template
> git status -z -u
> git symbolic-ref --short HEAD
> git rev-parse authbranch
> git rev-parse --symbolic-full-name authbranch@{u}
> git rev-list --left-right authbranch...refs/remotes/origin/authbranch
> git for-each-ref --sort -committerdate --format %(refname) %(objectname)
> git remote --verbose
> git config --get commit.template
> git status -z -u
> git symbolic-ref --short HEAD
> git rev-parse authbranch
> git rev-parse --symbolic-full-name authbranch@{u}
> git rev-list --left-right authbranch...refs/remotes/origin/authbranch
> git for-each-ref --sort -committerdate --format %(refname) %(objectname)
> git remote --verbose
> git config --get commit.template
> git status -z -u
> git symbolic-ref --short HEAD
> git rev-parse authbranch
> git rev-parse --symbolic-full-name authbranch@{u}
> git rev-list --left-right authbranch...refs/remotes/origin/authbranch
> git for-each-ref --sort -committerdate --format %(refname) %(objectname)
> git remote --verbose
> git config --get commit.template
> git status -z -u
> git symbolic-ref --short HEAD
> git rev-parse authbranch
> git rev-parse --symbolic-full-name authbranch@{u}
> git rev-list --left-right authbranch...refs/remotes/origin/authbranch
> git for-each-ref --sort -committerdate --format %(refname) %(objectname)
> git remote --verbose
> git config --get commit.template
> git status -z -u
> git symbolic-ref --short HEAD
> git rev-parse authbranch
> git rev-parse --symbolic-full-name authbranch@{u}
> git rev-list --left-right authbranch...refs/remotes/origin/authbranch
> git for-each-ref --sort -committerdate --format %(refname) %(objectname)
> git remote --verbose
> git config --get commit.template
> git status -z -u
> git symbolic-ref --short HEAD
> git rev-parse authbranch
> git rev-parse --symbolic-full-name authbranch@{u}
> git rev-list --left-right authbranch...refs/remotes/origin/authbranch
> git for-each-ref --sort -committerdate --format %(refname) %(objectname)
> git remote --verbose
> git config --get commit.template
> git status -z -u
> git symbolic-ref --short HEAD
> git rev-parse authbranch
> git rev-parse --symbolic-full-name authbranch@{u}
> git rev-list --left-right authbranch...refs/remotes/origin/authbranch
> git for-each-ref --sort -committerdate --format %(refname) %(objectname)
> git remote --verbose
> git config --get commit.template
> git status -z -u
> git symbolic-ref --short HEAD
> git rev-parse authbranch
> git rev-parse --symbolic-full-name authbranch@{u}
> git rev-list --left-right authbranch...refs/remotes/origin/authbranch
> git for-each-ref --sort -committerdate --format %(refname) %(objectname)
> git remote --verbose
> git config --get commit.template
> git status -z -u
> git symbolic-ref --short HEAD
> git rev-parse authbranch
> git rev-parse --symbolic-full-name authbranch@{u}
> git rev-list --left-right authbranch...refs/remotes/origin/authbranch
> git for-each-ref --sort -committerdate --format %(refname) %(objectname)
> git remote --verbose
> git config --get commit.template
> git status -z -u
> git symbolic-ref --short HEAD
> git rev-parse authbranch
> git rev-parse --symbolic-full-name authbranch@{u}
> git rev-list --left-right authbranch...refs/remotes/origin/authbranch
> git for-each-ref --sort -committerdate --format %(refname) %(objectname)
> git remote --verbose
> git config --get commit.template
> git status -z -u
> git symbolic-ref --short HEAD
> git rev-parse authbranch
> git rev-parse --symbolic-full-name authbranch@{u}
> git rev-list --left-right authbranch...refs/remotes/origin/authbranch
> git for-each-ref --sort -committerdate --format %(refname) %(objectname)
> git remote --verbose
> git config --get commit.template
> git check-ignore -v -z --stdin
> git add -A -- .
> git commit --quiet --allow-empty-message --file -
> git status -z -u
> git symbolic-ref --short HEAD
> git rev-parse authbranch
> git rev-parse --symbolic-full-name authbranch@{u}
> git rev-list --left-right authbranch...refs/remotes/origin/authbranch
> git for-each-ref --sort -committerdate --format %(refname) %(objectname)
> git remote --verbose
> git config --get commit.template
> git config --get commit.template
> git ls-files --stage -- /home/scrungus/Documents/code/IGP/SpotifyPlaylistMaker/auth/app/api.py
> git cat-file -s a81ae07f7fa17e16a37889c03e497d479f0fcc76
> git show --textconv :auth/app/api.py
> git status -z -u
> git symbolic-ref --short HEAD
> git rev-parse authbranch
> git rev-parse --symbolic-full-name authbranch@{u}
> git rev-list --left-right authbranch...refs/remotes/origin/authbranch
> git for-each-ref --sort -committerdate --format %(refname) %(objectname)
> git remote --verbose
> git config --get commit.template
> git status -z -u
> git symbolic-ref --short HEAD
> git ls-files --stage -- /home/scrungus/Documents/code/IGP/SpotifyPlaylistMaker/auth/app/api.py
> git rev-parse authbranch
> git cat-file -s a81ae07f7fa17e16a37889c03e497d479f0fcc76
> git rev-parse --symbolic-full-name authbranch@{u}
> git rev-list --left-right authbranch...refs/remotes/origin/authbranch
> git show --textconv :auth/app/api.py
> git for-each-ref --sort -committerdate --format %(refname) %(objectname)
> git remote --verbose
> git config --get commit.template
